  Game.cpp
d:\desktop\cs4300\newgit\cs4300\comp4300_a2\src\game.cpp(12): warning C4244: 'argument': conversion from 'time_t' to 'unsigned int', possible loss of data
d:\desktop\cs4300\newgit\cs4300\comp4300_a2\src\game.cpp(92): warning C4244: 'argument': conversion from 'T' to 'float', possible loss of data
          with
          [
              T=unsigned int
          ]
d:\desktop\cs4300\newgit\cs4300\comp4300_a2\src\game.cpp(94): warning C4244: 'argument': conversion from 'int' to 'float', possible loss of data
d:\desktop\cs4300\newgit\cs4300\comp4300_a2\src\game.cpp(98): warning C4244: 'argument': conversion from 'int' to 'const float', possible loss of data
d:\desktop\cs4300\newgit\cs4300\comp4300_a2\src\game.cpp(115): warning C4244: 'argument': conversion from 'int' to 'float', possible loss of data
d:\desktop\cs4300\newgit\cs4300\comp4300_a2\src\game.cpp(116): warning C4244: 'argument': conversion from 'int' to 'float', possible loss of data
d:\desktop\cs4300\newgit\cs4300\comp4300_a2\src\game.cpp(117): warning C4244: 'argument': conversion from 'int' to 'const float', possible loss of data
d:\desktop\cs4300\newgit\cs4300\comp4300_a2\src\game.cpp(124): warning C4244: 'initializing': conversion from 'size_t' to 'float', possible loss of data
d:\desktop\cs4300\newgit\cs4300\comp4300_a2\src\game.cpp(129): warning C4244: 'initializing': conversion from 'double' to 'float', possible loss of data
d:\desktop\cs4300\newgit\cs4300\comp4300_a2\src\game.cpp(151): warning C4244: 'initializing': conversion from 'size_t' to 'float', possible loss of data
d:\desktop\cs4300\newgit\cs4300\comp4300_a2\src\game.cpp(156): warning C4244: 'initializing': conversion from 'double' to 'float', possible loss of data
d:\desktop\cs4300\newgit\cs4300\comp4300_a2\src\game.cpp(202): warning C4244: 'argument': conversion from 'float' to 'sf::Uint8', possible loss of data
d:\desktop\cs4300\newgit\cs4300\comp4300_a2\src\game.cpp(203): warning C4244: 'argument': conversion from 'float' to 'sf::Uint8', possible loss of data
d:\desktop\cs4300\newgit\cs4300\comp4300_a2\src\game.cpp(217): warning C4244: '=': conversion from 'T' to 'float', possible loss of data
          with
          [
              T=unsigned int
          ]
d:\desktop\cs4300\newgit\cs4300\comp4300_a2\src\game.cpp(225): warning C4244: '=': conversion from 'T' to 'float', possible loss of data
          with
          [
              T=unsigned int
          ]
d:\desktop\cs4300\newgit\cs4300\comp4300_a2\src\game.cpp(406): warning C4244: 'argument': conversion from 'int' to 'float', possible loss of data
  Generating code
  160 of 517 functions (30.9%) were compiled, the rest were copied from previous compilation.
    127 functions were new in current compilation
    45 functions had inline decision re-evaluated but remain unchanged
  Finished generating code
  SFMLGame.vcxproj -> D:\Desktop\cs4300\newGit\cs4300\COMP4300_A2\visualstudio\../bin/SFMLGame.exe
